Using pre-set license
Built from '2021.2/staging' branch; Version is '2021.2.7f1 (6bd9e232123f) revision 7068130'; Using compiler version '192829333'; Build Type 'Release'
OS: 'Windows 10  (10.0.19042) 64bit Professional' Language: 'en' Physical Memory: 65457 MB
BatchMode: 1, IsHumanControllingUs: 0, StartBugReporterOnCrash: 0, Is64bit: 1, IsPro: 0

COMMAND LINE ARGUMENTS:
C:\Program Files\Unity\Hub\Editor\2021.2.7f1\Editor\Unity.exe
-adb2
-batchMode
-noUpm
-name
AssetImportWorker0
-projectPath
C:/Users/tsili/OneDrive/Desktop/Centennial/COMP397/Section-1/Lab2
-logFile
Logs/AssetImportWorker0.log
-srvPort
63881
Successfully changed project path to: C:/Users/tsili/OneDrive/Desktop/Centennial/COMP397/Section-1/Lab2
C:/Users/tsili/OneDrive/Desktop/Centennial/COMP397/Section-1/Lab2
[UnityMemory] Configuration Parameters - Can be set up in boot.config
    "memorysetup-bucket-allocator-granularity=16"
    "memorysetup-bucket-allocator-bucket-count=8"
    "memorysetup-bucket-allocator-block-size=33554432"
    "memorysetup-bucket-allocator-block-count=8"
    "memorysetup-main-allocator-block-size=16777216"
    "memorysetup-thread-allocator-block-size=16777216"
    "memorysetup-gfx-main-allocator-block-size=16777216"
    "memorysetup-gfx-thread-allocator-block-size=16777216"
    "memorysetup-cache-allocator-block-size=4194304"
    "memorysetup-typetree-allocator-block-size=2097152"
    "memorysetup-profiler-bucket-allocator-granularity=16"
    "memorysetup-profiler-bucket-allocator-bucket-count=8"
    "memorysetup-profiler-bucket-allocator-block-size=33554432"
    "memorysetup-profiler-bucket-allocator-block-count=8"
    "memorysetup-profiler-allocator-block-size=16777216"
    "memorysetup-profiler-editor-allocator-block-size=1048576"
    "memorysetup-temp-allocator-size-main=16777216"
    "memorysetup-job-temp-allocator-block-size=2097152"
    "memorysetup-job-temp-allocator-block-size-background=1048576"
    "memorysetup-job-temp-allocator-reduction-small-platforms=262144"
    "memorysetup-temp-allocator-size-background-worker=32768"
    "memorysetup-temp-allocator-size-job-worker=262144"
    "memorysetup-temp-allocator-size-preload-manager=33554432"
    "memorysetup-temp-allocator-size-nav-mesh-worker=65536"
    "memorysetup-temp-allocator-size-audio-worker=65536"
    "memorysetup-temp-allocator-size-cloud-worker=32768"
    "memorysetup-temp-allocator-size-gi-baking-worker=262144"
    "memorysetup-temp-allocator-size-gfx=262144"
Refreshing native plugins compatible for Editor in 65.84 ms, found 3 plugins.
Preloading 0 native plugins for Editor in 0.00 ms.
Initialize engine version: 2021.2.7f1 (6bd9e232123f)
[Subsystems] Discovering subsystems at path C:/Program Files/Unity/Hub/Editor/2021.2.7f1/Editor/Data/Resources/UnitySubsystems
[Subsystems] Discovering subsystems at path C:/Users/tsili/OneDrive/Desktop/Centennial/COMP397/Section-1/Lab2/Assets
GfxDevice: creating device client; threaded=0; jobified=0
Direct3D:
    Version:  Direct3D 11.0 [level 11.1]
    Renderer: NVIDIA GeForce RTX 3070 (ID=0x2484)
    Vendor:   NVIDIA
    VRAM:     8043 MB
    Driver:   30.0.15.1123
Initialize mono
Mono path[0] = 'C:/Program Files/Unity/Hub/Editor/2021.2.7f1/Editor/Data/Managed'
Mono path[1] = 'C:/Program Files/Unity/Hub/Editor/2021.2.7f1/Editor/Data/MonoBleedingEdge/lib/mono/unityjit-win32'
Mono config path = 'C:/Program Files/Unity/Hub/Editor/2021.2.7f1/Editor/Data/MonoBleedingEdge/etc'
Using monoOptions --debugger-agent=transport=dt_socket,embedding=1,server=y,suspend=n,address=127.0.0.1:56316
Begin MonoManager ReloadAssembly
Registering precompiled unity dll's ...
Register platform support module: C:/Program Files/Unity/Hub/Editor/2021.2.7f1/Editor/Data/PlaybackEngines/WebGLSupport/UnityEditor.WebGL.Extensions.dll
Register platform support module: C:/Program Files/Unity/Hub/Editor/2021.2.7f1/Editor/Data/PlaybackEngines/WindowsStandaloneSupport/UnityEditor.WindowsStandalone.Extensions.dll
Registered in 0.007303 seconds.
Native extension for WindowsStandalone target not found
Native extension for WebGL target not found
Refreshing native plugins compatible for Editor in 64.16 ms, found 3 plugins.
Preloading 0 native plugins for Editor in 0.00 ms.
Mono: successfully reloaded assembly
- Completed reload, in  0.543 seconds
Domain Reload Profiling:
	ReloadAssembly (544ms)
		BeginReloadAssembly (64ms)
			ExecutionOrderSort (0ms)
			DisableScriptedObjects (0ms)
			BackupInstance (0ms)
			ReleaseScriptingObjects (0ms)
			CreateAndSetChildDomain (1ms)
		EndReloadAssembly (401ms)
			LoadAssemblies (62ms)
			RebuildTransferFunctionScriptingTraits (0ms)
			SetupTypeCache (89ms)
			ReleaseScriptCaches (0ms)
			RebuildScriptCaches (24ms)
			SetupLoadedEditorAssemblies (241ms)
				LogAssemblyErrors (0ms)
				InitializePlatformSupportModulesInManaged (14ms)
				SetLoadedEditorAssemblies (0ms)
				RefreshPlugins (64ms)
				BeforeProcessingInitializeOnLoad (1ms)
				ProcessInitializeOnLoadAttributes (123ms)
				ProcessInitializeOnLoadMethodAttributes (39ms)
				AfterProcessingInitializeOnLoad (0ms)
				EditorAssembliesLoaded (0ms)
			ExecutionOrderSort2 (0ms)
			AwakeInstancesAfterBackupRestoration (0ms)
Platform modules already initialized, skipping
Registering precompiled user dll's ...
Registered in 0.004178 seconds.
Begin MonoManager ReloadAssembly
Symbol file LoadedFromMemory doesn't match image C:\Users\tsili\OneDrive\Desktop\Centennial\COMP397\Section-1\Lab2\Library\PackageCache\com.unity.visualscripting@1.7.6\Editor\VisualScripting.Core\Dependencies\YamlDotNet\Unity.VisualScripting.YamlDotNet.dll
Symbol file LoadedFromMemory doesn't match image C:\Users\tsili\OneDrive\Desktop\Centennial\COMP397\Section-1\Lab2\Library\PackageCache\com.unity.visualscripting@1.7.6\Editor\VisualScripting.Core\Dependencies\DotNetZip\Unity.VisualScripting.IonicZip.dll
Native extension for WindowsStandalone target not found
Native extension for WebGL target not found
Refreshing native plugins compatible for Editor in 0.71 ms, found 3 plugins.
Preloading 0 native plugins for Editor in 0.00 ms.
Mono: successfully reloaded assembly
Package Manager log level set to [2]
- Completed reload, in  0.841 seconds
Domain Reload Profiling:
	ReloadAssembly (841ms)
		BeginReloadAssembly (97ms)
			ExecutionOrderSort (0ms)
			DisableScriptedObjects (5ms)
			BackupInstance (0ms)
			ReleaseScriptingObjects (0ms)
			CreateAndSetChildDomain (18ms)
		EndReloadAssembly (657ms)
			LoadAssemblies (63ms)
			RebuildTransferFunctionScriptingTraits (0ms)
			SetupTypeCache (193ms)
			ReleaseScriptCaches (1ms)
			RebuildScriptCaches (46ms)
			SetupLoadedEditorAssemblies (318ms)
				LogAssemblyErrors (0ms)
				InitializePlatformSupportModulesInManaged (11ms)
				SetLoadedEditorAssemblies (0ms)
				RefreshPlugins (1ms)
				BeforeProcessingInitializeOnLoad (74ms)
				ProcessInitializeOnLoadAttributes (204ms)
				ProcessInitializeOnLoadMethodAttributes (19ms)
				AfterProcessingInitializeOnLoad (8ms)
				EditorAssembliesLoaded (0ms)
			ExecutionOrderSort2 (0ms)
			AwakeInstancesAfterBackupRestoration (6ms)
Platform modules already initialized, skipping
========================================================================
Worker process is ready to serve import requests
Launched and connected shader compiler UnityShaderCompiler.exe after 0.06 seconds
Refreshing native plugins compatible for Editor in 0.55 ms, found 3 plugins.
Preloading 0 native plugins for Editor in 0.00 ms.
Unloading 3299 Unused Serialized files (Serialized files now loaded: 0)
Unloading 40 unused Assets / (52.6 MB). Loaded Objects now: 3741.
Memory consumption went from 113.6 MB to 61.0 MB.
Total: 4.091700 ms (FindLiveObjects: 0.313400 ms CreateObjectMapping: 0.330100 ms MarkObjects: 3.366200 ms  DeleteObjects: 0.081200 ms)

AssetImportParameters requested are different than current active one (requested -> active):
  custom:video-decoder-ogg-theora: a1e56fd34408186e4bbccfd4996cb3dc -> 
  custom:container-muxer-webm: aa71ff27fc2769a1b78a27578f13a17b -> 
  custom:container-demuxer-webm: 4f35f7cbe854078d1ac9338744f61a02 -> 
  custom:video-encoder-webm-vp8: eb34c28f22e8b96e1ab97ce403110664 -> 
  custom:audio-encoder-webm-vorbis: bf7c407c2cedff20999df2af8eb42d56 -> 
  custom:framework-win-MediaFoundation: 216162199b28c13a410421893ffa2e32 -> 
  custom:container-demuxer-ogg: 62fdf1f143b41e24485cea50d1cbac27 -> 
  custom:video-decoder-webm-vp8: 9c59270c3fd7afecdb556c50c9e8de78 -> 
  custom:audio-decoder-ogg-vorbis: bf7c407c2cedff20999df2af8eb42d56 -> 
========================================================================
Received Import Request.
  Time since last request: 340748.368953 seconds.
  path: Assets/Models/tile3.fbx
  artifactKey: Guid(7757e02a9bfce7b4dae6c561d3713ae2) Importer(815301076,1909f56bfc062723c751e8b465ee728b)
Start importing Assets/Models/tile3.fbx using Guid(7757e02a9bfce7b4dae6c561d3713ae2) Importer(815301076,1909f56bfc062723c751e8b465ee728b)  -> (artifact id: 'bc46cde23bd74e1fef5466b838823959') in 0.207510 seconds 
========================================================================
Received Import Request.
  Time since last request: 28.857391 seconds.
  path: Assets/Models/tile3.fbx
  artifactKey: Guid(7757e02a9bfce7b4dae6c561d3713ae2) Importer(815301076,1909f56bfc062723c751e8b465ee728b)
Start importing Assets/Models/tile3.fbx using Guid(7757e02a9bfce7b4dae6c561d3713ae2) Importer(815301076,1909f56bfc062723c751e8b465ee728b)  -> (artifact id: '7a26db720ed19d8e5b7620458b98d21e') in 0.025119 seconds 
========================================================================
Received Import Request.
  Time since last request: 40.139180 seconds.
  path: Assets/Models/tile3.fbx
  artifactKey: Guid(7757e02a9bfce7b4dae6c561d3713ae2) Importer(815301076,1909f56bfc062723c751e8b465ee728b)
Start importing Assets/Models/tile3.fbx using Guid(7757e02a9bfce7b4dae6c561d3713ae2) Importer(815301076,1909f56bfc062723c751e8b465ee728b)  -> (artifact id: 'ad873ea611e2617cafd60590435050c5') in 0.014429 seconds 
========================================================================
Received Import Request.
  Time since last request: 124.459937 seconds.
  path: Assets/Prefabs/Tile3.prefab
  artifactKey: Guid(5b3d607b8eb866340b1e904163a1b0cb) Importer(815301076,1909f56bfc062723c751e8b465ee728b)
Start importing Assets/Prefabs/Tile3.prefab using Guid(5b3d607b8eb866340b1e904163a1b0cb) Importer(815301076,1909f56bfc062723c751e8b465ee728b)  -> (artifact id: 'e6592b1dbea9dec5866cce80009d2d92') in 0.018542 seconds 
========================================================================
Received Import Request.
  Time since last request: 16.992430 seconds.
  path: Assets/Models/tile4.fbx
  artifactKey: Guid(4253f6ff2bdd0754894bb4c8664eb94d) Importer(815301076,1909f56bfc062723c751e8b465ee728b)
Start importing Assets/Models/tile4.fbx using Guid(4253f6ff2bdd0754894bb4c8664eb94d) Importer(815301076,1909f56bfc062723c751e8b465ee728b)  -> (artifact id: 'c31f506caa20dcf1ef9d4dd5ca001073') in 0.027096 seconds 
========================================================================
Received Import Request.
  Time since last request: 13.979069 seconds.
  path: Assets/Models/tile4.fbx
  artifactKey: Guid(4253f6ff2bdd0754894bb4c8664eb94d) Importer(815301076,1909f56bfc062723c751e8b465ee728b)
Start importing Assets/Models/tile4.fbx using Guid(4253f6ff2bdd0754894bb4c8664eb94d) Importer(815301076,1909f56bfc062723c751e8b465ee728b)  -> (artifact id: '919ff0e9a539118f19f94d017e0d4bfe') in 0.016947 seconds 
========================================================================
Received Import Request.
  Time since last request: 20.413548 seconds.
  path: Assets/Models/tile4.fbx
  artifactKey: Guid(4253f6ff2bdd0754894bb4c8664eb94d) Importer(815301076,1909f56bfc062723c751e8b465ee728b)
Start importing Assets/Models/tile4.fbx using Guid(4253f6ff2bdd0754894bb4c8664eb94d) Importer(815301076,1909f56bfc062723c751e8b465ee728b)  -> (artifact id: 'f02c3e659393dfc81dcf65ecf8425988') in 0.014235 seconds 
========================================================================
Received Import Request.
  Time since last request: 35.792105 seconds.
  path: Assets/Prefabs/Tile4.prefab
  artifactKey: Guid(49ddff04694d1d84e90a614bb36cd6b7) Importer(815301076,1909f56bfc062723c751e8b465ee728b)
Start importing Assets/Prefabs/Tile4.prefab using Guid(49ddff04694d1d84e90a614bb36cd6b7) Importer(815301076,1909f56bfc062723c751e8b465ee728b)  -> (artifact id: '550e47159a10eeb123e598b0e420233b') in 0.011582 seconds 
========================================================================
Received Import Request.
  Time since last request: 112.814970 seconds.
  path: Assets/Models/tile1.fbx
  artifactKey: Guid(4a12dbfaa3fe87747bc7301ed7daec06) Importer(815301076,1909f56bfc062723c751e8b465ee728b)
Start importing Assets/Models/tile1.fbx using Guid(4a12dbfaa3fe87747bc7301ed7daec06) Importer(815301076,1909f56bfc062723c751e8b465ee728b)  -> (artifact id: '08281a4e8d323c7afe41f7d51cd7d845') in 0.022824 seconds 
========================================================================
Received Import Request.
  Time since last request: 0.512777 seconds.
  path: Assets/Models/tile2.fbx
  artifactKey: Guid(d7c8e95e0d121e746a010115c35e6f20) Importer(815301076,1909f56bfc062723c751e8b465ee728b)
Start importing Assets/Models/tile2.fbx using Guid(d7c8e95e0d121e746a010115c35e6f20) Importer(815301076,1909f56bfc062723c751e8b465ee728b)  -> (artifact id: '79c46a54f431fcfadc7693777026fb48') in 0.022369 seconds 
========================================================================
Received Import Request.
  Time since last request: 14.905527 seconds.
  path: Assets/Models/tile2.fbx
  artifactKey: Guid(d7c8e95e0d121e746a010115c35e6f20) Importer(815301076,1909f56bfc062723c751e8b465ee728b)
Start importing Assets/Models/tile2.fbx using Guid(d7c8e95e0d121e746a010115c35e6f20) Importer(815301076,1909f56bfc062723c751e8b465ee728b)  -> (artifact id: '95b528ee7b174fd19b3a153bcced3fbd') in 0.026953 seconds 
========================================================================
Received Import Request.
  Time since last request: 32.674268 seconds.
  path: Assets/Prefabs/Tile1.prefab
  artifactKey: Guid(21d913494aaba9b4dbc156a30acfd20f) Importer(815301076,1909f56bfc062723c751e8b465ee728b)
Start importing Assets/Prefabs/Tile1.prefab using Guid(21d913494aaba9b4dbc156a30acfd20f) Importer(815301076,1909f56bfc062723c751e8b465ee728b)  -> (artifact id: '878ce7d667bf3f780403eff4620b3aac') in 0.011386 seconds 
========================================================================
Received Import Request.
  Time since last request: 35.307563 seconds.
  path: Assets/Prefabs/Tile2.prefab
  artifactKey: Guid(88a43e07d5264f149be4bc1852fbc3f2) Importer(815301076,1909f56bfc062723c751e8b465ee728b)
Start importing Assets/Prefabs/Tile2.prefab using Guid(88a43e07d5264f149be4bc1852fbc3f2) Importer(815301076,1909f56bfc062723c751e8b465ee728b)  -> (artifact id: '687849955efbb05ad8fd8ebcb13d8531') in 0.012007 seconds 
